Performing C SOURCE FILE Test CMAKE_HAVE_LIBC_PTHREAD failed with the following output:
Change Dir: /home/jacob/Documents/Internship/ws_moveit/build/catkin_tools_prebuild/CMakeFiles/CMakeTmp

Run Build Command(s):/usr/bin/make cmTC_c78ad/fast && /usr/bin/make  -f CMakeFiles/cmTC_c78ad.dir/build.make CMakeFiles/cmTC_c78ad.dir/build
make[1]: Entering directory '/home/jacob/Documents/Internship/ws_moveit/build/catkin_tools_prebuild/CMakeFiles/CMakeTmp'
Building C object CMakeFiles/cmTC_c78ad.dir/src.c.o
/usr/bin/cc   -DCMAKE_HAVE_LIBC_PTHREAD -o CMakeFiles/cmTC_c78ad.dir/src.c.o -c /home/jacob/Documents/Internship/ws_moveit/build/catkin_tools_prebuild/CMakeFiles/CMakeTmp/src.c
Linking C executable cmTC_c78ad
/home/jacob/.local/lib/python3.6/site-packages/cmake/data/bin/cmake -E cmake_link_script CMakeFiles/cmTC_c78ad.dir/link.txt --verbose=1
/usr/bin/cc  -DCMAKE_HAVE_LIBC_PTHREAD -rdynamic CMakeFiles/cmTC_c78ad.dir/src.c.o -o cmTC_c78ad 
CMakeFiles/cmTC_c78ad.dir/src.c.o: In function `main':
src.c:(.text+0x3e): undefined reference to `pthread_create'
src.c:(.text+0x4a): undefined reference to `pthread_detach'
src.c:(.text+0x56): undefined reference to `pthread_cancel'
src.c:(.text+0x67): undefined reference to `pthread_join'
src.c:(.text+0x7b): undefined reference to `pthread_atfork'
collect2: error: ld returned 1 exit status
CMakeFiles/cmTC_c78ad.dir/build.make:105: recipe for target 'cmTC_c78ad' failed
make[1]: *** [cmTC_c78ad] Error 1
make[1]: Leaving directory '/home/jacob/Documents/Internship/ws_moveit/build/catkin_tools_prebuild/CMakeFiles/CMakeTmp'
Makefile:140: recipe for target 'cmTC_c78ad/fast' failed
make: *** [cmTC_c78ad/fast] Error 2


Source file was:
#include <pthread.h>

void* test_func(void* data)
{
  return data;
}

int main(void)
{
  pthread_t thread;
  pthread_create(&thread, NULL, test_func, NULL);
  pthread_detach(thread);
  pthread_cancel(thread);
  pthread_join(thread, NULL);
  pthread_atfork(NULL, NULL, NULL);
  pthread_exit(NULL);

  return 0;
}

Determining if the function pthread_create exists in the pthreads failed with the following output:
Change Dir: /home/jacob/Documents/Internship/ws_moveit/build/catkin_tools_prebuild/CMakeFiles/CMakeTmp

Run Build Command(s):/usr/bin/make cmTC_7c704/fast && /usr/bin/make  -f CMakeFiles/cmTC_7c704.dir/build.make CMakeFiles/cmTC_7c704.dir/build
make[1]: Entering directory '/home/jacob/Documents/Internship/ws_moveit/build/catkin_tools_prebuild/CMakeFiles/CMakeTmp'
Building C object CMakeFiles/cmTC_7c704.dir/CheckFunctionExists.c.o
/usr/bin/cc   -DCHECK_FUNCTION_EXISTS=pthread_create -o CMakeFiles/cmTC_7c704.dir/CheckFunctionExists.c.o -c /home/jacob/.local/lib/python3.6/site-packages/cmake/data/share/cmake-3.18/Modules/CheckFunctionExists.c
Linking C executable cmTC_7c704
/home/jacob/.local/lib/python3.6/site-packages/cmake/data/bin/cmake -E cmake_link_script CMakeFiles/cmTC_7c704.dir/link.txt --verbose=1
/usr/bin/cc  -DCHECK_FUNCTION_EXISTS=pthread_create -rdynamic CMakeFiles/cmTC_7c704.dir/CheckFunctionExists.c.o -o cmTC_7c704  -lpthreads 
/usr/bin/ld: cannot find -lpthreads
collect2: error: ld returned 1 exit status
CMakeFiles/cmTC_7c704.dir/build.make:105: recipe for target 'cmTC_7c704' failed
make[1]: *** [cmTC_7c704] Error 1
make[1]: Leaving directory '/home/jacob/Documents/Internship/ws_moveit/build/catkin_tools_prebuild/CMakeFiles/CMakeTmp'
Makefile:140: recipe for target 'cmTC_7c704/fast' failed
make: *** [cmTC_7c704/fast] Error 2



